[0802/212948.182:ERROR:process_reader_win.cc(182)] ResumeThread: The parameter is incorrect. (0x57)
[0802/212948.204:ERROR:process_reader_win.cc(151)] SuspendThread: Access is denied. (0x5)
[0802/212948.204:ERROR:process_reader_win.cc(151)] SuspendThread: Access is denied. (0x5)
[0802/212948.204:ERROR:process_reader_win.cc(151)] SuspendThread: Access is denied. (0x5)
[0802/212948.204:ERROR:process_reader_win.cc(151)] SuspendThread: Access is denied. (0x5)
[0802/212948.204:ERROR:process_reader_win.cc(151)] SuspendThread: Access is denied. (0x5)
[0802/212948.204:ERROR:process_reader_win.cc(123)] NtOpenThread: An invalid Client ID was specified. (0xc000000b)
[0802/212948.206:ERROR:process_reader_win.cc(151)] SuspendThread: Access is denied. (0x5)
[0802/212948.206:ERROR:process_reader_win.cc(151)] SuspendThread: Access is denied. (0x5)
[0802/212948.206:ERROR:process_reader_win.cc(151)] SuspendThread: Access is denied. (0x5)
[0802/212948.206:ERROR:process_reader_win.cc(151)] SuspendThread: Access is denied. (0x5)
[0802/212948.206:ERROR:process_reader_win.cc(151)] SuspendThread: Access is denied. (0x5)
[0802/212948.206:ERROR:process_reader_win.cc(151)] SuspendThread: Access is denied. (0x5)
[0802/212948.206:ERROR:process_reader_win.cc(151)] SuspendThread: Access is denied. (0x5)
[0802/212948.206:ERROR:exception_snapshot_win.cc(88)] thread ID 7388 not found in process
[1119/073223.075:ERROR:process_reader_win.cc(151)] SuspendThread: Access is denied. (0x5)
[1119/073223.112:ERROR:process_reader_win.cc(123)] NtOpenThread: An invalid Client ID was specified. (0xc000000b)
[1119/073223.115:ERROR:process_reader_win.cc(123)] NtOpenThread: An invalid Client ID was specified. (0xc000000b)
[1119/073223.116:ERROR:process_reader_win.cc(123)] NtOpenThread: An invalid Client ID was specified. (0xc000000b)
[1119/073223.116:ERROR:process_reader_win.cc(123)] NtOpenThread: An invalid Client ID was specified. (0xc000000b)
[1119/073223.116:ERROR:process_reader_win.cc(151)] SuspendThread: Access is denied. (0x5)
[1119/073223.116:ERROR:process_reader_win.cc(123)] NtOpenThread: An invalid Client ID was specified. (0xc000000b)
[1119/073223.116:ERROR:process_reader_win.cc(123)] NtOpenThread: An invalid Client ID was specified. (0xc000000b)
[1119/073223.116:ERROR:process_reader_win.cc(123)] NtOpenThread: An invalid Client ID was specified. (0xc000000b)
[1119/073223.116:ERROR:exception_snapshot_win.cc(88)] thread ID 8848 not found in process
[1119/073223.116:ERROR:scoped_process_suspend.cc(40)] NtResumeProcess: An attempt was made to access an exiting process. (0xc000010a)
[0218/062257.368:ERROR:process_reader_win.cc(182)] ResumeThread: The parameter is incorrect. (0x57)
[0218/062257.389:ERROR:process_reader_win.cc(151)] SuspendThread: Access is denied. (0x5)
[0218/062257.389:ERROR:process_reader_win.cc(151)] SuspendThread: Access is denied. (0x5)
[0218/062257.389:ERROR:process_reader_win.cc(151)] SuspendThread: Access is denied. (0x5)
[0218/062257.389:ERROR:process_reader_win.cc(151)] SuspendThread: Access is denied. (0x5)
[0218/062257.389:ERROR:process_reader_win.cc(151)] SuspendThread: Access is denied. (0x5)
[0218/062257.389:ERROR:process_reader_win.cc(151)] SuspendThread: Access is denied. (0x5)
[0218/062257.389:ERROR:process_reader_win.cc(151)] SuspendThread: Access is denied. (0x5)
[0218/062257.389:ERROR:process_reader_win.cc(123)] NtOpenThread: An invalid Client ID was specified. (0xc000000b)
[0218/062257.391:ERROR:process_reader_win.cc(151)] SuspendThread: Access is denied. (0x5)
[0218/062257.391:ERROR:process_reader_win.cc(151)] SuspendThread: Access is denied. (0x5)
[0218/062257.391:ERROR:process_reader_win.cc(151)] SuspendThread: Access is denied. (0x5)
[0218/062257.391:ERROR:process_reader_win.cc(151)] SuspendThread: Access is denied. (0x5)
[0218/062257.391:ERROR:process_reader_win.cc(151)] SuspendThread: Access is denied. (0x5)
[0218/062257.391:ERROR:process_reader_win.cc(151)] SuspendThread: Access is denied. (0x5)
[0218/062257.392:ERROR:process_reader_win.cc(151)] SuspendThread: Access is denied. (0x5)
[0218/062257.392:ERROR:exception_snapshot_win.cc(88)] thread ID 2092 not found in process
[0221/051111.018:ERROR:process_reader_win.cc(151)] SuspendThread: Access is denied. (0x5)
[0221/051111.107:ERROR:exception_snapshot_win.cc(88)] thread ID 19004 not found in process
[0221/051111.107:ERROR:scoped_process_suspend.cc(40)] NtResumeProcess: An attempt was made to access an exiting process. (0xc000010a)
